[1:36:58][ImchadaEngine]: Engine Start
[1:36:58][ImchadaEngine]: message log
[1:36:58][ImchadaEngine][WARN]: warn log
[1:36:58][ImchadaEngine][ERROR]: error log
[1:43:41][ImchadaEngine]: Engine Start
[1:43:41][ImchadaEngine]: message log
[1:43:41][ImchadaEngine][WARN]: warn log
[1:43:41][ImchadaEngine][ERROR]: error log
[13:42:41][ImchadaEngine]: ########## INSTANCE CREATED ##########
[13:42:41][ImchadaEngine]: message log
[13:42:41][ImchadaEngine][WARN]: warn log
[13:42:41][ImchadaEngine][ERROR]: error log
[14:26:47][ImchadaEngine]: ########## INSTANCE CREATED ##########
[14:26:47][ImchadaEngine]: message log
[14:26:47][ImchadaEngine][WARN]: warn log
[14:26:47][ImchadaEngine][ERROR]: error log
[14:27:4][ImchadaEngine]: ########## INSTANCE CREATED ##########
[14:27:4][ImchadaEngine]: message log
[14:27:4][ImchadaEngine][WARN]: warn log
[14:27:4][ImchadaEngine][ERROR]: error log
